<?xml version="1.0" encoding="UTF-8"?>
<!-- Generated by org.testng.reporters.JUnitReportReporter -->
<testsuite hostname="DESKTOP-9IKC5SP" failures="0" tests="6" name="com.QAFox.qa.testcases.Login" time="44.566" errors="0" timestamp="2024-03-25T21:51:59 IST" skipped="0">
  <testcase classname="com.QAFox.qa.testcases.Login" name="verifyLoginWithValidCredentials" time="6.853"/>
  <system-out/>
  <testcase classname="com.QAFox.qa.testcases.Login" name="verifyLoginWithValidCredentials" time="6.641"/>
  <system-out/>
  <testcase classname="com.QAFox.qa.testcases.Login" name="verifyLoginWithValidCredentials" time="6.540"/>
  <system-out/>
  <testcase classname="com.QAFox.qa.testcases.Login" name="verifyLoginWithInvalidCredentials" time="10.685"/>
  <system-out/>
  <testcase classname="com.QAFox.qa.testcases.Login" name="verifyLoginWithInvalidEmailAndPassword" time="8.611"/>
  <system-out/>
  <testcase classname="com.QAFox.qa.testcases.Login" name="verifyLoginWithoutCredentials" time="5.236"/>
  <system-out/>
</testsuite> <!-- com.QAFox.qa.testcases.Login -->
