<?xml version="1.0" encoding="UTF-8"?>
<!-- Generated by org.testng.reporters.JUnitReportReporter -->
<testsuite hostname="DESKTOP-9IKC5SP" failures="0" tests="3" name="com.QAFox.qa.testcases.Search" time="18.319" errors="0" timestamp="2024-03-18T07:25:10 IST" skipped="0">
  <testcase classname="com.QAFox.qa.testcases.Search" name="verifySearchWithValidProduct" time="2.875"/>
  <system-out/>
  <testcase classname="com.QAFox.qa.testcases.Search" name="verifySearchWithInvalidProduct" time="12.506"/>
  <system-out/>
  <testcase classname="com.QAFox.qa.testcases.Search" name="verifySearchWithoutAnyData" time="2.938"/>
  <system-out/>
</testsuite> <!-- com.QAFox.qa.testcases.Search -->
