<?xml version="1.0" encoding="UTF-8"?>
<!-- Generated by org.testng.reporters.JUnitReportReporter -->
<testsuite hostname="DESKTOP-9IKC5SP" failures="0" tests="4" name="com.QAFox.qa.testcases.Register" time="27.101" errors="0" timestamp="2024-03-18T22:02:34 IST" skipped="0">
  <testcase classname="com.QAFox.qa.testcases.Register" name="verifyRegisterWithMandatoryFields" time="6.489"/>
  <system-out/>
  <testcase classname="com.QAFox.qa.testcases.Register" name="verifyRegisterWithExistingEmail" time="6.601"/>
  <system-out/>
  <testcase classname="com.QAFox.qa.testcases.Register" name="verifyRegisterWithoutAnyData" time="7.399"/>
  <system-out/>
  <testcase classname="com.QAFox.qa.testcases.Register" name="verifyRegisterWithDifferentPasswords" time="6.612"/>
  <system-out/>
</testsuite> <!-- com.QAFox.qa.testcases.Register -->
